\BOOKMARK [0][-]{chapter.1}{\376\377\000I\000n\000t\000r\000o\000d\000u\000c\000t\000i\000o\000n}{}% 1
\BOOKMARK [0][-]{chapter.2}{\376\377\000H\000i\000s\000t\000o\000r\000y}{}% 2
\BOOKMARK [1][-]{section.2.1}{\376\377\000H\000i\000s\000t\000o\000r\000y\000\040\000o\000f\000\040\000c\000r\000o\000s\000s\000-\000p\000l\000a\000t\000f\000o\000r\000m\000\040\000d\000e\000v\000e\000l\000o\000p\000m\000e\000n\000t}{chapter.2}% 3
\BOOKMARK [2][-]{subsection.2.1.1}{\376\377\000F\000i\000r\000s\000t\000\040\000d\000e\000f\000i\000n\000i\000t\000i\000o\000n}{section.2.1}% 4
\BOOKMARK [2][-]{subsection.2.1.2}{\376\377\000F\000i\000r\000s\000t\000\040\000t\000o\000o\000l\000k\000i\000t\000s}{section.2.1}% 5
\BOOKMARK [1][-]{section.2.2}{\376\377\000H\000i\000s\000t\000o\000r\000y\000\040\000o\000f\000\040\000t\000h\000e\000\040\000p\000r\000i\000n\000c\000i\000p\000l\000e\000\040\000o\000f\000\040\000s\000e\000p\000a\000r\000a\000t\000i\000o\000n\000\040\000o\000f\000\040\000c\000o\000n\000c\000e\000r\000n\000s}{chapter.2}% 6
\BOOKMARK [0][-]{chapter.3}{\376\377\000S\000e\000p\000a\000r\000a\000t\000i\000o\000n\000\040\000o\000f\000\040\000c\000o\000n\000c\000e\000r\000n\000s}{}% 7
\BOOKMARK [1][-]{section.3.1}{\376\377\000R\000i\000s\000e\000\040\000i\000n\000\040\000p\000o\000p\000u\000l\000a\000r\000i\000t\000y}{chapter.3}% 8
\BOOKMARK [1][-]{section.3.2}{\376\377\000D\000e\000f\000i\000n\000i\000t\000i\000o\000n}{chapter.3}% 9
\BOOKMARK [2][-]{subsection.3.2.1}{\376\377\000M\000o\000d\000u\000l\000a\000r\000i\000t\000y}{section.3.2}% 10
\BOOKMARK [2][-]{subsection.3.2.2}{\376\377\000R\000e\000a\000d\000a\000b\000i\000l\000i\000t\000y\000\040\000a\000n\000d\000\040\000M\000a\000i\000n\000t\000a\000i\000n\000a\000b\000i\000l\000i\000t\000y}{section.3.2}% 11
\BOOKMARK [2][-]{subsection.3.2.3}{\376\377\000F\000l\000e\000x\000i\000b\000i\000l\000i\000t\000y\000\040\000a\000n\000d\000\040\000R\000e\000u\000s\000a\000b\000i\000l\000i\000t\000y}{section.3.2}% 12
\BOOKMARK [2][-]{subsection.3.2.4}{\376\377\000T\000e\000s\000t\000i\000n\000g}{section.3.2}% 13
\BOOKMARK [2][-]{subsection.3.2.5}{\376\377\000S\000c\000a\000l\000a\000b\000i\000l\000i\000t\000y}{section.3.2}% 14
\BOOKMARK [1][-]{section.3.3}{\376\377\000C\000h\000a\000l\000l\000e\000n\000g\000e\000s}{chapter.3}% 15
\BOOKMARK [2][-]{subsection.3.3.1}{\376\377\000C\000o\000m\000p\000l\000e\000x\000i\000t\000y}{section.3.3}% 16
\BOOKMARK [2][-]{subsection.3.3.2}{\376\377\000P\000e\000r\000f\000o\000r\000m\000a\000n\000c\000e}{section.3.3}% 17
\BOOKMARK [2][-]{subsection.3.3.3}{\376\377\000L\000e\000a\000r\000n\000i\000n\000g\000\040\000c\000u\000r\000v\000e}{section.3.3}% 18
\BOOKMARK [2][-]{subsection.3.3.4}{\376\377\000T\000o\000o\000l\000i\000n\000g}{section.3.3}% 19
\BOOKMARK [2][-]{subsection.3.3.5}{\376\377\000D\000e\000b\000u\000g\000g\000i\000n\000g}{section.3.3}% 20
\BOOKMARK [0][-]{chapter.4}{\376\377\000C\000u\000r\000r\000e\000n\000t\000\040\000s\000t\000a\000t\000e\000\040\000o\000f\000\040\000c\000r\000o\000s\000s\000-\000p\000l\000a\000t\000f\000o\000r\000m\000\040\000d\000e\000v\000e\000l\000o\000p\000m\000e\000n\000t}{}% 21
\BOOKMARK [1][-]{section.4.1}{\376\377\000O\000v\000e\000r\000v\000i\000e\000w}{chapter.4}% 22
\BOOKMARK [2][-]{subsection.4.1.1}{\376\377\000C\000o\000d\000e\000\040\000R\000e\000u\000s\000a\000b\000i\000l\000i\000t\000y}{section.4.1}% 23
\BOOKMARK [2][-]{subsection.4.1.2}{\376\377\000P\000l\000a\000t\000f\000o\000r\000m\000\040\000A\000b\000s\000t\000r\000a\000c\000t\000i\000o\000n}{section.4.1}% 24
\BOOKMARK [2][-]{subsection.4.1.3}{\376\377\000C\000o\000n\000d\000i\000t\000i\000o\000n\000a\000l\000\040\000C\000o\000m\000p\000i\000l\000a\000t\000i\000o\000n\000\040\000a\000n\000d\000\040\000C\000o\000d\000e}{section.4.1}% 25
\BOOKMARK [1][-]{section.4.2}{\376\377\000L\000e\000g\000a\000c\000y\000\040\000p\000a\000r\000a\000d\000i\000g\000m\000s\000\040\000t\000h\000a\000t\000\040\000a\000r\000e\000\040\000p\000r\000e\000s\000e\000n\000t\000\040\000t\000o\000d\000a\000y}{chapter.4}% 26
\BOOKMARK [2][-]{subsection.4.2.1}{\376\377\000S\000e\000p\000a\000r\000a\000t\000i\000o\000n\000\040\000o\000f\000\040\000C\000o\000n\000c\000e\000r\000n\000s}{section.4.2}% 27
\BOOKMARK [2][-]{subsection.4.2.2}{\376\377\000S\000i\000n\000g\000l\000e\000\040\000R\000e\000s\000p\000o\000n\000s\000i\000b\000i\000l\000i\000t\000y\000\040\000P\000r\000i\000n\000c\000i\000p\000l\000e\000\040\000\050\000S\000R\000P\000\051}{section.4.2}% 28
\BOOKMARK [2][-]{subsection.4.2.3}{\376\377\000D\000R\000Y\000\040\000\050\000D\000o\000n\000'\000t\000\040\000R\000e\000p\000e\000a\000t\000\040\000Y\000o\000u\000r\000s\000e\000l\000f\000\051}{section.4.2}% 29
\BOOKMARK [2][-]{subsection.4.2.4}{\376\377\000O\000p\000e\000n\000/\000C\000l\000o\000s\000e\000d\000\040\000P\000r\000i\000n\000c\000i\000p\000l\000e}{section.4.2}% 30
\BOOKMARK [2][-]{subsection.4.2.5}{\376\377\000L\000i\000s\000k\000o\000v\000\040\000S\000u\000b\000s\000t\000i\000t\000u\000t\000i\000o\000n\000\040\000P\000r\000i\000n\000c\000i\000p\000l\000e}{section.4.2}% 31
\BOOKMARK [2][-]{subsection.4.2.6}{\376\377\000D\000e\000p\000e\000n\000d\000e\000n\000c\000y\000\040\000I\000n\000j\000e\000c\000t\000i\000o\000n\000\040\000\050\000D\000I\000\051}{section.4.2}% 32
\BOOKMARK [2][-]{subsection.4.2.7}{\376\377\000L\000a\000c\000k\000\040\000o\000f\000\040\000s\000e\000p\000a\000r\000a\000t\000i\000o\000n\000\040\000o\000f\000\040\000c\000o\000n\000c\000e\000r\000n\000s}{section.4.2}% 33
\BOOKMARK [1][-]{section.4.3}{\376\377\000F\000r\000e\000q\000u\000e\000n\000t\000l\000y\000\040\000u\000s\000e\000d\000\040\000d\000e\000s\000i\000g\000n\000\040\000p\000a\000t\000t\000e\000r\000n\000s}{chapter.4}% 34
\BOOKMARK [2][-]{subsection.4.3.1}{\376\377\000M\000V\000C}{section.4.3}% 35
\BOOKMARK [2][-]{subsection.4.3.2}{\376\377\000S\000i\000n\000g\000l\000e\000t\000o\000n}{section.4.3}% 36
\BOOKMARK [2][-]{subsection.4.3.3}{\376\377\000M\000V\000V\000M}{section.4.3}% 37
\BOOKMARK [2][-]{subsection.4.3.4}{\376\377\000O\000b\000s\000e\000r\000v\000e\000r}{section.4.3}% 38
\BOOKMARK [1][-]{section.4.4}{\376\377\000T\000o\000o\000l\000s}{chapter.4}% 39
\BOOKMARK [2][-]{subsection.4.4.1}{\376\377\000F\000l\000u\000t\000t\000e\000r}{section.4.4}% 40
\BOOKMARK [2][-]{subsection.4.4.2}{\376\377\000R\000e\000a\000c\000t\000\040\000N\000a\000t\000i\000v\000e}{section.4.4}% 41
\BOOKMARK [2][-]{subsection.4.4.3}{\376\377\000X\000a\000m\000a\000r\000i\000n}{section.4.4}% 42
\BOOKMARK [0][-]{chapter.5}{\376\377\000I\000m\000p\000l\000e\000m\000e\000n\000t\000a\000t\000i\000o\000n}{}% 43
\BOOKMARK [1][-]{section.5.1}{\376\377\000S\000e\000r\000v\000e\000r}{chapter.5}% 44
\BOOKMARK [1][-]{section.5.2}{\376\377\000M\000a\000i\000n\000\040\000f\000o\000c\000u\000s}{chapter.5}% 45
\BOOKMARK [1][-]{section.5.3}{\376\377\000E\000x\000a\000m\000p\000l\000e\000\040\000C\000o\000m\000p\000o\000n\000e\000n\000t\000s}{chapter.5}% 46
\BOOKMARK [2][-]{subsection.5.3.1}{\376\377\000G\000o\000o\000d\000\040\000e\000x\000a\000m\000p\000l\000e}{section.5.3}% 47
\BOOKMARK [2][-]{subsection.5.3.2}{\376\377\000B\000a\000d\000\040\000e\000x\000a\000m\000p\000l\000e}{section.5.3}% 48
\BOOKMARK [2][-]{subsection.5.3.3}{\376\377\000N\000e\000u\000t\000r\000a\000l\000\040\000e\000x\000a\000m\000p\000l\000e}{section.5.3}% 49
\BOOKMARK [0][-]{chapter.6}{\376\377\000C\000o\000n\000c\000l\000u\000s\000i\000o\000n\000s}{}% 50
\BOOKMARK [0][-]{chapter*.2}{\376\377\000B\000i\000b\000l\000i\000o\000g\000r\000a\000p\000h\000y}{}% 51
